[ 2016-12-25T01:38:21+08:00 ] 127.0.0.1 /
INFO: [ app_init ] --START--
INFO: Run Behavior\BuildLiteBehavior [ RunTime:0.000019s ]
INFO: [ app_init ] --END-- [ RunTime:0.000415s ]
INFO: [ app_begin ] --START--
INFO: Run Behavior\ReadHtmlCacheBehavior [ RunTime:0.035138s ]
INFO: [ app_begin ] --END-- [ RunTime:0.035249s ]
SQL: SHOW COLUMNS FROM `article` [ RunTime:0.1207s ]
SQL: SELECT * FROM `article`  [ RunTime:0.0009s ]
INFO: [ view_parse ] --START--
INFO: [ template_filter ] --START--
INFO: Run Behavior\ContentReplaceBehavior [ RunTime:0.000102s ]
INFO: [ template_filter ] --END-- [ RunTime:0.000221s ]
INFO: Run Behavior\ParseTemplateBehavior [ RunTime:0.334405s ]
INFO: [ view_parse ] --END-- [ RunTime:0.334489s ]
INFO: [ view_filter ] --START--
INFO: Run Behavior\WriteHtmlCacheBehavior [ RunTime:0.047180s ]
INFO: [ view_filter ] --END-- [ RunTime:0.047251s ]
INFO: [ app_end ] --START--
INFO: Run Behavior\ShowPageTraceBehavior [ RunTime:0.023614s ]
INFO: [ app_end ] --END-- [ RunTime:0.023735s ]

