[ 2016-12-19T00:13:14+08:00 ] 127.0.0.1 /index.php/graph_flot.html?v=4.0
INFO: [ app_init ] --START--
INFO: Run Behavior\BuildLiteBehavior [ RunTime:0.000013s ]
INFO: [ app_init ] --END-- [ RunTime:0.000433s ]
ERR: 无法加载模块:Graph_flot

[ 2016-12-19T00:13:26+08:00 ] 127.0.0.1 /index.php/graph_echarts.html?v=4.0
INFO: [ app_init ] --START--
INFO: Run Behavior\BuildLiteBehavior [ RunTime:0.000011s ]
INFO: [ app_init ] --END-- [ RunTime:0.000279s ]
ERR: 无法加载模块:Graph_echarts

[ 2016-12-19T00:13:29+08:00 ] 127.0.0.1 /index.php/graph_flot.html?v=4.0
INFO: [ app_init ] --START--
INFO: Run Behavior\BuildLiteBehavior [ RunTime:0.000013s ]
INFO: [ app_init ] --END-- [ RunTime:0.000295s ]
ERR: 无法加载模块:Graph_flot

[ 2016-12-19T00:13:37+08:00 ] 127.0.0.1 /index.php/graph_echarts.html?v=4.0
INFO: [ app_init ] --START--
INFO: Run Behavior\BuildLiteBehavior [ RunTime:0.000009s ]
INFO: [ app_init ] --END-- [ RunTime:0.000271s ]
ERR: 无法加载模块:Graph_echarts

[ 2016-12-19T00:13:40+08:00 ] 127.0.0.1 /index.php/graph_flot.html?v=4.0
INFO: [ app_init ] --START--
INFO: Run Behavior\BuildLiteBehavior [ RunTime:0.000014s ]
INFO: [ app_init ] --END-- [ RunTime:0.000494s ]
ERR: 无法加载模块:Graph_flot

[ 2016-12-19T00:13:43+08:00 ] 127.0.0.1 /index.php/contacts.html?v=4.0
INFO: [ app_init ] --START--
INFO: Run Behavior\BuildLiteBehavior [ RunTime:0.000013s ]
INFO: [ app_init ] --END-- [ RunTime:0.000596s ]
ERR: 无法加载模块:Contacts

[ 2016-12-19T00:13:44+08:00 ] 127.0.0.1 /index.php/profile.html?v=4.0
INFO: [ app_init ] --START--
INFO: Run Behavior\BuildLiteBehavior [ RunTime:0.000012s ]
INFO: [ app_init ] --END-- [ RunTime:0.000344s ]
ERR: 无法加载模块:Profile

[ 2016-12-19T00:14:07+08:00 ] 127.0.0.1 /index.php/contacts.html?v=4.0
INFO: [ app_init ] --START--
INFO: Run Behavior\BuildLiteBehavior [ RunTime:0.000010s ]
INFO: [ app_init ] --END-- [ RunTime:0.000336s ]
ERR: 无法加载模块:Contacts

[ 2016-12-19T00:18:32+08:00 ] 127.0.0.1 /index.php/profile.html?v=4.0
INFO: [ app_init ] --START--
INFO: Run Behavior\BuildLiteBehavior [ RunTime:0.000024s ]
INFO: [ app_init ] --END-- [ RunTime:0.000468s ]
ERR: 无法加载模块:Profile

[ 2016-12-19T00:23:52+08:00 ] 127.0.0.1 /index.php/contacts.html?v=4.0
INFO: [ app_init ] --START--
INFO: Run Behavior\BuildLiteBehavior [ RunTime:0.000010s ]
INFO: [ app_init ] --END-- [ RunTime:0.000272s ]
ERR: 无法加载模块:Contacts

[ 2016-12-19T00:32:00+08:00 ] 127.0.0.1 /index.php/contacts.html?v=4.0
INFO: [ app_init ] --START--
INFO: Run Behavior\BuildLiteBehavior [ RunTime:0.000011s ]
INFO: [ app_init ] --END-- [ RunTime:0.000388s ]
ERR: 无法加载模块:Contacts

[ 2016-12-19T00:34:10+08:00 ] 127.0.0.1 /index.php/contacts.html?v=4.0
INFO: [ app_init ] --START--
INFO: Run Behavior\BuildLiteBehavior [ RunTime:0.000057s ]
INFO: [ app_init ] --END-- [ RunTime:0.001333s ]
ERR: 无法加载模块:Contacts

[ 2016-12-19T00:38:36+08:00 ] 127.0.0.1 /index.php/contacts.html?v=4.0
INFO: [ app_init ] --START--
INFO: Run Behavior\BuildLiteBehavior [ RunTime:0.000010s ]
INFO: [ app_init ] --END-- [ RunTime:0.000336s ]
ERR: 无法加载模块:Contacts

[ 2016-12-19T00:41:34+08:00 ] 127.0.0.1 /index.php/contacts.html?v=4.0
INFO: [ app_init ] --START--
INFO: Run Behavior\BuildLiteBehavior [ RunTime:0.000010s ]
INFO: [ app_init ] --END-- [ RunTime:0.000335s ]
ERR: 无法加载模块:Contacts

[ 2016-12-19T00:48:22+08:00 ] 127.0.0.1 /index.php/graph_flot.html?v=4.0
INFO: [ app_init ] --START--
INFO: Run Behavior\BuildLiteBehavior [ RunTime:0.000013s ]
INFO: [ app_init ] --END-- [ RunTime:0.000361s ]
ERR: 无法加载模块:Graph_flot

[ 2016-12-19T02:01:27+08:00 ] 127.0.0.1 /index.php/css_animation.html?v=4.0
INFO: [ app_init ] --START--
INFO: Run Behavior\BuildLiteBehavior [ RunTime:0.000022s ]
INFO: [ app_init ] --END-- [ RunTime:0.000598s ]
ERR: 无法加载模块:Css_animation

